0.37111416459083557
0.3560630679130554
0.4008951783180237
0.41535258293151855
0.4331023097038269
0.37909644842147827
0.398598313331604
0.4546825885772705
0.4231151342391968
0.36642080545425415
0.39534491300582886
0.39965587854385376
0.3610095977783203
0.42284712195396423
0.4054073095321655
0.41756123304367065
0.3687572479248047
0.4054275155067444
0.37956365942955017
0.36853331327438354
0.41840681433677673
0.4042297601699829
0.3840467929840088
0.38012588024139404
0.43543678522109985
0.39734330773353577
0.44037193059921265
0.3608059883117676
0.3968009352684021
0.37854433059692383
0.4255990982055664
0.39983874559402466
0.4111539125442505
0.4331341087818146
0.37638670206069946
0.36026841402053833
0.3626856207847595
0.41154545545578003
0.3939424753189087
0.3762201964855194
0.455719918012619
0.37719839811325073
0.42263007164001465
0.37848570942878723
0.3750516176223755
0.4030238389968872
0.39069393277168274
0.35904914140701294
0.400773823261261
0.40457651019096375
0.42658737301826477
0.3409181833267212
0.42102140188217163
0.38900864124298096
0.3417207598686218
0.42450132966041565
0.4222024381160736
0.40444445610046387
0.37917792797088623
0.37281665205955505
0.41742536425590515
0.4042399823665619
0.394340455532074
0.41041237115859985
0.3814655542373657
0.38603878021240234
0.40247440338134766
0.3693678379058838
0.3620762825012207
0.3945832848548889
0.4274894595146179
0.3682887554168701
0.38425689935684204
0.4047880172729492
0.36165255308151245
0.43604594469070435
0.4039037227630615
0.37156054377555847
0.42641448974609375
0.4187307357788086
0.3573049306869507
0.40123260021209717
0.3542708158493042
0.38859376311302185
0.43700647354125977
0.4370720386505127
0.3837008476257324
0.42471808195114136
Predictions:  
 46     0.371114
101    0.356063
175    0.400895
9      0.415353
136    0.433102
         ...   
173    0.388594
5      0.437006
55     0.437072
428    0.383701
334    0.424718
Name: drag, Length: 88, dtype: float32
{'root_mean_squared_error': -0.049616523059487175, 'mean_squared_error': -0.0024617993605126226, 'mean_absolute_error': -0.03747519815239039, 'r2': 0.16282727788866536, 'pearsonr': 0.41014733083055, 'median_absolute_error': -0.032015099525451673}
*** Summary of fit() ***
Estimated performance of each model:
                  model  score_val  pred_time_val   fit_time  pred_time_val_marginal  fit_time_marginal  stack_level  can_infer  fit_order
0   WeightedEnsemble_L2  -0.050059       0.138228   3.927679                0.000398           0.273926            2       True         12
1              LightGBM  -0.050532       0.004671   0.855509                0.004671           0.855509            1       True          4
2              CatBoost  -0.051536       0.014096  11.580470                0.014096          11.580470            1       True          6
3            LightGBMXT  -0.051633       0.005158   0.907109                0.005158           0.907109            1       True          3
4         ExtraTreesMSE  -0.052676       0.122005   1.149060                0.122005           1.149060            1       True          7
5               XGBoost  -0.052938       0.006337   4.545307                0.006337           4.545307            1       True          9
6       RandomForestMSE  -0.052986       0.110232   1.518721                0.110232           1.518721            1       True          5
7         LightGBMLarge  -0.053353       0.003500   2.374597                0.003500           2.374597            1       True         11
8        NeuralNetTorch  -0.054037       0.128002   1.891135                0.128002           1.891135            1       True         10
9       NeuralNetFastAI  -0.054260       0.011461   4.704885                0.011461           4.704885            1       True          8
10       KNeighborsDist  -0.057714       0.335040   0.069462                0.335040           0.069462            1       True          2
11       KNeighborsUnif  -0.058368       0.363960   0.059799                0.363960           0.059799            1       True          1
Number of models trained: 12
Types of models trained:
{'RFModel', 'LGBModel', 'CatBoostModel', 'TabularNeuralNetTorchModel', 'WeightedEnsembleModel', 'KNNModel', 'XGBoostModel', 'NNFastAiTabularModel', 'XTModel'}
Bagging used: False 
Multi-layer stack-ensembling used: False 
Feature Metadata (Processed):
(raw dtype, special dtypes):
('float', []) : 448 | ['dim_1', 'dim_2', 'dim_3', 'dim_4', 'dim_5', ...]
*** End of fit() summary ***
{'model_types': {'KNeighborsUnif': 'KNNModel', 'KNeighborsDist': 'KNNModel', 'LightGBMXT': 'LGBModel', 'LightGBM': 'LGBModel', 'RandomForestMSE': 'RFModel', 'CatBoost': 'CatBoostModel', 'ExtraTreesMSE': 'XTModel', 'NeuralNetFastAI': 'NNFastAiTabularModel', 'XGBoost': 'XGBoostModel', 'NeuralNetTorch': 'TabularNeuralNetTorchModel', 'LightGBMLarge': 'LGBModel', 'WeightedEnsemble_L2': 'WeightedEnsembleModel'}, 'model_performance': {'KNeighborsUnif': -0.05836833596873005, 'KNeighborsDist': -0.05771352291278245, 'LightGBMXT': -0.05163257137544199, 'LightGBM': -0.05053238484362757, 'RandomForestMSE': -0.05298582939205395, 'CatBoost': -0.051536361295026895, 'ExtraTreesMSE': -0.052676386238514714, 'NeuralNetFastAI': -0.05425981322858954, 'XGBoost': -0.05293795904154818, 'NeuralNetTorch': -0.054036644698904505, 'LightGBMLarge': -0.053352650584813074, 'WeightedEnsemble_L2': -0.05005938884095462}, 'model_best': 'WeightedEnsemble_L2', 'model_paths': {'KNeighborsUnif': './agModels-all_parts/models/KNeighborsUnif/', 'KNeighborsDist': './agModels-all_parts/models/KNeighborsDist/', 'LightGBMXT': './agModels-all_parts/models/LightGBMXT/', 'LightGBM': './agModels-all_parts/models/LightGBM/', 'RandomForestMSE': './agModels-all_parts/models/RandomForestMSE/', 'CatBoost': './agModels-all_parts/models/CatBoost/', 'ExtraTreesMSE': './agModels-all_parts/models/ExtraTreesMSE/', 'NeuralNetFastAI': './agModels-all_parts/models/NeuralNetFastAI/', 'XGBoost': './agModels-all_parts/models/XGBoost/', 'NeuralNetTorch': './agModels-all_parts/models/NeuralNetTorch/', 'LightGBMLarge': './agModels-all_parts/models/LightGBMLarge/', 'WeightedEnsemble_L2': './agModels-all_parts/models/WeightedEnsemble_L2/'}, 'model_fit_times': {'KNeighborsUnif': 0.0597994327545166, 'KNeighborsDist': 0.06946229934692383, 'LightGBMXT': 0.9071090221405029, 'LightGBM': 0.8555090427398682, 'RandomForestMSE': 1.5187206268310547, 'CatBoost': 11.580470323562622, 'ExtraTreesMSE': 1.149059534072876, 'NeuralNetFastAI': 4.704885244369507, 'XGBoost': 4.545307397842407, 'NeuralNetTorch': 1.8911347389221191, 'LightGBMLarge': 2.3745973110198975, 'WeightedEnsemble_L2': 0.2739264965057373}, 'model_pred_times': {'KNeighborsUnif': 0.36395978927612305, 'KNeighborsDist': 0.3350398540496826, 'LightGBMXT': 0.0051577091217041016, 'LightGBM': 0.004670619964599609, 'RandomForestMSE': 0.11023163795471191, 'CatBoost': 0.014096498489379883, 'ExtraTreesMSE': 0.12200522422790527, 'NeuralNetFastAI': 0.011460542678833008, 'XGBoost': 0.006336688995361328, 'NeuralNetTorch': 0.12800192832946777, 'LightGBMLarge': 0.0034999847412109375, 'WeightedEnsemble_L2': 0.0003981590270996094}, 'num_bag_folds': 0, 'max_stack_level': 2, 'model_hyperparams': {'KNeighborsUnif': {'weights': 'uniform'}, 'KNeighborsDist': {'weights': 'distance'}, 'LightGBMXT': {'learning_rate': 0.05, 'extra_trees': True}, 'LightGBM': {'learning_rate': 0.05}, 'RandomForestMSE': {'n_estimators': 300, 'max_leaf_nodes': 15000, 'n_jobs': -1, 'random_state': 0, 'bootstrap': True, 'criterion': 'squared_error'}, 'CatBoost': {'iterations': 10000, 'learning_rate': 0.05, 'random_seed': 0, 'allow_writing_files': False, 'eval_metric': 'RMSE'}, 'ExtraTreesMSE': {'n_estimators': 300, 'max_leaf_nodes': 15000, 'n_jobs': -1, 'random_state': 0, 'bootstrap': True, 'criterion': 'squared_error'}, 'NeuralNetFastAI': {'layers': None, 'emb_drop': 0.1, 'ps': 0.1, 'bs': 'auto', 'lr': 0.01, 'epochs': 'auto', 'early.stopping.min_delta': 0.0001, 'early.stopping.patience': 20, 'smoothing': 0.0}, 'XGBoost': {'n_estimators': 10000, 'learning_rate': 0.1, 'n_jobs': -1, 'proc.max_category_levels': 100, 'objective': 'reg:squarederror', 'booster': 'gbtree'}, 'NeuralNetTorch': {'num_epochs': 500, 'epochs_wo_improve': 20, 'activation': 'relu', 'embedding_size_factor': 1.0, 'embed_exponent': 0.56, 'max_embedding_dim': 100, 'y_range': None, 'y_range_extend': 0.05, 'dropout_prob': 0.1, 'optimizer': 'adam', 'learning_rate': 0.0003, 'weight_decay': 1e-06, 'proc.embed_min_categories': 4, 'proc.impute_strategy': 'median', 'proc.max_category_levels': 100, 'proc.skew_threshold': 0.99, 'use_ngram_features': False, 'num_layers': 4, 'hidden_size': 128, 'max_batch_size': 512, 'use_batchnorm': False, 'loss_function': 'auto'}, 'LightGBMLarge': {'learning_rate': 0.03, 'num_leaves': 128, 'feature_fraction': 0.9, 'min_data_in_leaf': 5}, 'WeightedEnsemble_L2': {'use_orig_features': False, 'max_base_models': 25, 'max_base_models_per_type': 5, 'save_bag_folds': True}}, 'leaderboard':                   model  score_val  pred_time_val   fit_time  \
0   WeightedEnsemble_L2  -0.050059       0.138228   3.927679   
1              LightGBM  -0.050532       0.004671   0.855509   
2              CatBoost  -0.051536       0.014096  11.580470   
3            LightGBMXT  -0.051633       0.005158   0.907109   
4         ExtraTreesMSE  -0.052676       0.122005   1.149060   
5               XGBoost  -0.052938       0.006337   4.545307   
6       RandomForestMSE  -0.052986       0.110232   1.518721   
7         LightGBMLarge  -0.053353       0.003500   2.374597   
8        NeuralNetTorch  -0.054037       0.128002   1.891135   
9       NeuralNetFastAI  -0.054260       0.011461   4.704885   
10       KNeighborsDist  -0.057714       0.335040   0.069462   
11       KNeighborsUnif  -0.058368       0.363960   0.059799   

    pred_time_val_marginal  fit_time_marginal  stack_level  can_infer  \
0                 0.000398           0.273926            2       True   
1                 0.004671           0.855509            1       True   
2                 0.014096          11.580470            1       True   
3                 0.005158           0.907109            1       True   
4                 0.122005           1.149060            1       True   
5                 0.006337           4.545307            1       True   
6                 0.110232           1.518721            1       True   
7                 0.003500           2.374597            1       True   
8                 0.128002           1.891135            1       True   
9                 0.011461           4.704885            1       True   
10                0.335040           0.069462            1       True   
11                0.363960           0.059799            1       True   

    fit_order  
0          12  
1           4  
2           6  
3           3  
4           7  
5           9  
6           5  
7          11  
8          10  
9           8  
10          2  
11          1  }
                  model  score_test  score_val  pred_time_test  pred_time_val  \
0         ExtraTreesMSE   -0.048095  -0.052676        0.158484       0.122005   
1       RandomForestMSE   -0.048591  -0.052986        0.131965       0.110232   
2       NeuralNetFastAI   -0.048641  -0.054260        0.039796       0.011461   
3              CatBoost   -0.049093  -0.051536        0.057272       0.014096   
4              LightGBM   -0.049530  -0.050532        0.006670       0.004671   
5            LightGBMXT   -0.049593  -0.051633        0.030768       0.005158   
6   WeightedEnsemble_L2   -0.049617  -0.050059        0.138341       0.138228   
7         LightGBMLarge   -0.049666  -0.053353        0.031945       0.003500   
8               XGBoost   -0.049680  -0.052938        0.020504       0.006337   
9        KNeighborsDist   -0.054096  -0.057714        0.231932       0.335040   
10       KNeighborsUnif   -0.054182  -0.058368        0.262487       0.363960   
11       NeuralNetTorch   -0.055715  -0.054037        0.096542       0.128002   

     fit_time  pred_time_test_marginal  pred_time_val_marginal  \
0    1.149060                 0.158484                0.122005   
1    1.518721                 0.131965                0.110232   
2    4.704885                 0.039796                0.011461   
3   11.580470                 0.057272                0.014096   
4    0.855509                 0.006670                0.004671   
5    0.907109                 0.030768                0.005158   
6    3.927679                 0.004361                0.000398   
7    2.374597                 0.031945                0.003500   
8    4.545307                 0.020504                0.006337   
9    0.069462                 0.231932                0.335040   
10   0.059799                 0.262487                0.363960   
11   1.891135                 0.096542                0.128002   

    fit_time_marginal  stack_level  can_infer  fit_order  
0            1.149060            1       True          7  
1            1.518721            1       True          5  
2            4.704885            1       True          8  
3           11.580470            1       True          6  
4            0.855509            1       True          4  
5            0.907109            1       True          3  
6            0.273926            2       True         12  
7            2.374597            1       True         11  
8            4.545307            1       True          9  
9            0.069462            1       True          2  
10           0.059799            1       True          1  
11           1.891135            1       True         10  
