0.3680879473686218
0.3668398857116699
0.4162694215774536
0.3744370937347412
0.39999914169311523
0.41955405473709106
0.43098902702331543
0.44742828607559204
0.3989654779434204
0.3661521077156067
0.38885247707366943
0.4264290928840637
0.3580113649368286
0.41094690561294556
0.41759610176086426
0.4063419997692108
0.37049055099487305
0.3720453083515167
0.36963918805122375
0.36872708797454834
0.42646923661231995
0.39879709482192993
0.36635568737983704
0.4158444106578827
0.442308634519577
0.3707406520843506
0.42948588728904724
0.38404983282089233
0.37580224871635437
0.3908371329307556
0.4203270971775055
0.3802730441093445
0.3808373808860779
0.4379156231880188
0.4138909876346588
0.3898378610610962
0.37178879976272583
0.3968990445137024
0.3959178626537323
0.38958024978637695
0.43402737379074097
0.3811335563659668
0.4189939796924591
0.3743710517883301
0.3966352939605713
0.401253342628479
0.39957699179649353
0.37944507598876953
0.335768461227417
0.38161516189575195
0.40289002656936646
0.3390030264854431
0.4211916923522949
0.3930211067199707
0.37040960788726807
0.40101999044418335
0.368929922580719
0.43083256483078003
0.3626163601875305
0.3866497278213501
0.40893131494522095
0.38439199328422546
0.3772504925727844
0.41055381298065186
0.3591257631778717
0.3452332615852356
0.4014890789985657
0.3490194082260132
0.3945191204547882
0.40460291504859924
0.386159747838974
0.3862611651420593
0.36590975522994995
0.4115165174007416
0.3706233501434326
0.41281044483184814
0.41003432869911194
0.37300604581832886
0.39678993821144104
0.3649914264678955
0.3774581551551819
0.4209333062171936
0.37249284982681274
0.37900859117507935
0.3868088722229004
0.4157624840736389
0.40901118516921997
0.39662501215934753
Predictions:  
 46     0.368088
101    0.366840
175    0.416269
9      0.374437
136    0.399999
         ...   
173    0.379009
5      0.386809
55     0.415762
428    0.409011
334    0.396625
Name: drag, Length: 88, dtype: float32
{'root_mean_squared_error': -0.050034147274332794, 'mean_squared_error': -0.002503415893469624, 'mean_absolute_error': -0.03686644413525408, 'r2': 0.1486749360125207, 'pearsonr': 0.3991500258208202, 'median_absolute_error': -0.02989608228206636}
*** Summary of fit() ***
Estimated performance of each model:
                  model  score_val  pred_time_val  fit_time  pred_time_val_marginal  fit_time_marginal  stack_level  can_infer  fit_order
0   WeightedEnsemble_L2  -0.045831       0.241802  3.063132                0.000507           0.343728            2       True         12
1        NeuralNetTorch  -0.047282       0.012610  1.639451                0.012610           1.639451            1       True         10
2        KNeighborsDist  -0.050779       0.217228  0.014149                0.217228           0.014149            1       True          2
3        KNeighborsUnif  -0.051283       0.252184  0.046199                0.252184           0.046199            1       True          1
4              LightGBM  -0.051313       0.002140  0.400919                0.002140           0.400919            1       True          4
5              CatBoost  -0.051688       0.009974  2.053365                0.009974           2.053365            1       True          6
6         ExtraTreesMSE  -0.052272       0.129649  1.251252                0.129649           1.251252            1       True          7
7       RandomForestMSE  -0.052570       0.121784  1.235245                0.121784           1.235245            1       True          5
8            LightGBMXT  -0.052674       0.001849  0.509911                0.001849           0.509911            1       True          3
9               XGBoost  -0.053415       0.009317  0.664885                0.009317           0.664885            1       True          9
10      NeuralNetFastAI  -0.054301       0.023116  8.005311                0.023116           8.005311            1       True          8
11        LightGBMLarge  -0.054672       0.002719  1.128855                0.002719           1.128855            1       True         11
Number of models trained: 12
Types of models trained:
{'XTModel', 'WeightedEnsembleModel', 'XGBoostModel', 'RFModel', 'NNFastAiTabularModel', 'TabularNeuralNetTorchModel', 'KNNModel', 'LGBModel', 'CatBoostModel'}
Bagging used: False 
Multi-layer stack-ensembling used: False 
Feature Metadata (Processed):
(raw dtype, special dtypes):
('float', []) : 64 | ['dim_1', 'dim_2', 'dim_3', 'dim_4', 'dim_5', ...]
*** End of fit() summary ***
{'model_types': {'KNeighborsUnif': 'KNNModel', 'KNeighborsDist': 'KNNModel', 'LightGBMXT': 'LGBModel', 'LightGBM': 'LGBModel', 'RandomForestMSE': 'RFModel', 'CatBoost': 'CatBoostModel', 'ExtraTreesMSE': 'XTModel', 'NeuralNetFastAI': 'NNFastAiTabularModel', 'XGBoost': 'XGBoostModel', 'NeuralNetTorch': 'TabularNeuralNetTorchModel', 'LightGBMLarge': 'LGBModel', 'WeightedEnsemble_L2': 'WeightedEnsembleModel'}, 'model_performance': {'KNeighborsUnif': -0.05128258021864989, 'KNeighborsDist': -0.050778745196283996, 'LightGBMXT': -0.052674246415994566, 'LightGBM': -0.05131295349571835, 'RandomForestMSE': -0.05256955796779217, 'CatBoost': -0.05168814497049493, 'ExtraTreesMSE': -0.052272101888030685, 'NeuralNetFastAI': -0.05430094906987956, 'XGBoost': -0.05341462228717983, 'NeuralNetTorch': -0.04728180217174519, 'LightGBMLarge': -0.054671813465219446, 'WeightedEnsemble_L2': -0.045831460900346864}, 'model_best': 'WeightedEnsemble_L2', 'model_paths': {'KNeighborsUnif': './agModels-body/models/KNeighborsUnif/', 'KNeighborsDist': './agModels-body/models/KNeighborsDist/', 'LightGBMXT': './agModels-body/models/LightGBMXT/', 'LightGBM': './agModels-body/models/LightGBM/', 'RandomForestMSE': './agModels-body/models/RandomForestMSE/', 'CatBoost': './agModels-body/models/CatBoost/', 'ExtraTreesMSE': './agModels-body/models/ExtraTreesMSE/', 'NeuralNetFastAI': './agModels-body/models/NeuralNetFastAI/', 'XGBoost': './agModels-body/models/XGBoost/', 'NeuralNetTorch': './agModels-body/models/NeuralNetTorch/', 'LightGBMLarge': './agModels-body/models/LightGBMLarge/', 'WeightedEnsemble_L2': './agModels-body/models/WeightedEnsemble_L2/'}, 'model_fit_times': {'KNeighborsUnif': 0.04619932174682617, 'KNeighborsDist': 0.01414942741394043, 'LightGBMXT': 0.5099105834960938, 'LightGBM': 0.40091919898986816, 'RandomForestMSE': 1.2352452278137207, 'CatBoost': 2.0533649921417236, 'ExtraTreesMSE': 1.2512524127960205, 'NeuralNetFastAI': 8.005311250686646, 'XGBoost': 0.6648848056793213, 'NeuralNetTorch': 1.6394507884979248, 'LightGBMLarge': 1.1288552284240723, 'WeightedEnsemble_L2': 0.34372782707214355}, 'model_pred_times': {'KNeighborsUnif': 0.2521836757659912, 'KNeighborsDist': 0.21722769737243652, 'LightGBMXT': 0.0018494129180908203, 'LightGBM': 0.002140045166015625, 'RandomForestMSE': 0.12178444862365723, 'CatBoost': 0.009974241256713867, 'ExtraTreesMSE': 0.12964916229248047, 'NeuralNetFastAI': 0.023116350173950195, 'XGBoost': 0.009316682815551758, 'NeuralNetTorch': 0.012609720230102539, 'LightGBMLarge': 0.002718687057495117, 'WeightedEnsemble_L2': 0.000507354736328125}, 'num_bag_folds': 0, 'max_stack_level': 2, 'model_hyperparams': {'KNeighborsUnif': {'weights': 'uniform'}, 'KNeighborsDist': {'weights': 'distance'}, 'LightGBMXT': {'learning_rate': 0.05, 'extra_trees': True}, 'LightGBM': {'learning_rate': 0.05}, 'RandomForestMSE': {'n_estimators': 300, 'max_leaf_nodes': 15000, 'n_jobs': -1, 'random_state': 0, 'bootstrap': True, 'criterion': 'squared_error'}, 'CatBoost': {'iterations': 10000, 'learning_rate': 0.05, 'random_seed': 0, 'allow_writing_files': False, 'eval_metric': 'RMSE'}, 'ExtraTreesMSE': {'n_estimators': 300, 'max_leaf_nodes': 15000, 'n_jobs': -1, 'random_state': 0, 'bootstrap': True, 'criterion': 'squared_error'}, 'NeuralNetFastAI': {'layers': None, 'emb_drop': 0.1, 'ps': 0.1, 'bs': 'auto', 'lr': 0.01, 'epochs': 'auto', 'early.stopping.min_delta': 0.0001, 'early.stopping.patience': 20, 'smoothing': 0.0}, 'XGBoost': {'n_estimators': 10000, 'learning_rate': 0.1, 'n_jobs': -1, 'proc.max_category_levels': 100, 'objective': 'reg:squarederror', 'booster': 'gbtree'}, 'NeuralNetTorch': {'num_epochs': 500, 'epochs_wo_improve': 20, 'activation': 'relu', 'embedding_size_factor': 1.0, 'embed_exponent': 0.56, 'max_embedding_dim': 100, 'y_range': None, 'y_range_extend': 0.05, 'dropout_prob': 0.1, 'optimizer': 'adam', 'learning_rate': 0.0003, 'weight_decay': 1e-06, 'proc.embed_min_categories': 4, 'proc.impute_strategy': 'median', 'proc.max_category_levels': 100, 'proc.skew_threshold': 0.99, 'use_ngram_features': False, 'num_layers': 4, 'hidden_size': 128, 'max_batch_size': 512, 'use_batchnorm': False, 'loss_function': 'auto'}, 'LightGBMLarge': {'learning_rate': 0.03, 'num_leaves': 128, 'feature_fraction': 0.9, 'min_data_in_leaf': 5}, 'WeightedEnsemble_L2': {'use_orig_features': False, 'max_base_models': 25, 'max_base_models_per_type': 5, 'save_bag_folds': True}}, 'leaderboard':                   model  score_val  pred_time_val  fit_time  \
0   WeightedEnsemble_L2  -0.045831       0.241802  3.063132   
1        NeuralNetTorch  -0.047282       0.012610  1.639451   
2        KNeighborsDist  -0.050779       0.217228  0.014149   
3        KNeighborsUnif  -0.051283       0.252184  0.046199   
4              LightGBM  -0.051313       0.002140  0.400919   
5              CatBoost  -0.051688       0.009974  2.053365   
6         ExtraTreesMSE  -0.052272       0.129649  1.251252   
7       RandomForestMSE  -0.052570       0.121784  1.235245   
8            LightGBMXT  -0.052674       0.001849  0.509911   
9               XGBoost  -0.053415       0.009317  0.664885   
10      NeuralNetFastAI  -0.054301       0.023116  8.005311   
11        LightGBMLarge  -0.054672       0.002719  1.128855   

    pred_time_val_marginal  fit_time_marginal  stack_level  can_infer  \
0                 0.000507           0.343728            2       True   
1                 0.012610           1.639451            1       True   
2                 0.217228           0.014149            1       True   
3                 0.252184           0.046199            1       True   
4                 0.002140           0.400919            1       True   
5                 0.009974           2.053365            1       True   
6                 0.129649           1.251252            1       True   
7                 0.121784           1.235245            1       True   
8                 0.001849           0.509911            1       True   
9                 0.009317           0.664885            1       True   
10                0.023116           8.005311            1       True   
11                0.002719           1.128855            1       True   

    fit_order  
0          12  
1          10  
2           2  
3           1  
4           4  
5           6  
6           7  
7           5  
8           3  
9           9  
10          8  
11         11  }
                  model  score_test  score_val  pred_time_test  pred_time_val  \
0   WeightedEnsemble_L2   -0.050034  -0.045831        0.294645       0.241802   
1       RandomForestMSE   -0.050118  -0.052570        0.101433       0.121784   
2        NeuralNetTorch   -0.050294  -0.047282        0.016921       0.012610   
3       NeuralNetFastAI   -0.050303  -0.054301        0.037395       0.023116   
4         ExtraTreesMSE   -0.050705  -0.052272        0.145631       0.129649   
5              CatBoost   -0.051107  -0.051688        0.016220       0.009974   
6              LightGBM   -0.051733  -0.051313        0.003264       0.002140   
7         LightGBMLarge   -0.051889  -0.054672        0.035471       0.002719   
8               XGBoost   -0.052666  -0.053415        0.021389       0.009317   
9            LightGBMXT   -0.052905  -0.052674        0.031975       0.001849   
10       KNeighborsDist   -0.055880  -0.050779        0.247941       0.217228   
11       KNeighborsUnif   -0.056503  -0.051283        0.193557       0.252184   

    fit_time  pred_time_test_marginal  pred_time_val_marginal  \
0   3.063132                 0.005130                0.000507   
1   1.235245                 0.101433                0.121784   
2   1.639451                 0.016921                0.012610   
3   8.005311                 0.037395                0.023116   
4   1.251252                 0.145631                0.129649   
5   2.053365                 0.016220                0.009974   
6   0.400919                 0.003264                0.002140   
7   1.128855                 0.035471                0.002719   
8   0.664885                 0.021389                0.009317   
9   0.509911                 0.031975                0.001849   
10  0.014149                 0.247941                0.217228   
11  0.046199                 0.193557                0.252184   

    fit_time_marginal  stack_level  can_infer  fit_order  
0            0.343728            2       True         12  
1            1.235245            1       True          5  
2            1.639451            1       True         10  
3            8.005311            1       True          8  
4            1.251252            1       True          7  
5            2.053365            1       True          6  
6            0.400919            1       True          4  
7            1.128855            1       True         11  
8            0.664885            1       True          9  
9            0.509911            1       True          3  
10           0.014149            1       True          2  
11           0.046199            1       True          1  
