0.3749544620513916
0.36308205127716064
0.38662412762641907
0.534908652305603
0.3827301561832428
0.37371450662612915
0.44451165199279785
0.4553765654563904
0.3999125063419342
0.316584050655365
0.35454046726226807
0.40309450030326843
0.35235440731048584
0.46225133538246155
0.4213913679122925
0.4371650218963623
0.39840441942214966
0.4210937023162842
0.35124850273132324
0.35154423117637634
0.40454912185668945
0.34109383821487427
0.3307175636291504
0.374045729637146
0.48908764123916626
0.4104708433151245
0.4089617133140564
0.37729158997535706
0.36931124329566956
0.3869377374649048
0.4202483296394348
0.3811967074871063
0.3596422076225281
0.41006705164909363
0.38631296157836914
0.34960564970970154
0.3668895661830902
0.44278809428215027
0.4261351227760315
0.3744601011276245
0.49747052788734436
0.3820565938949585
0.4401008188724518
0.37840670347213745
0.4395032525062561
0.3885799050331116
0.4349110722541809
0.3822610676288605
0.36203840374946594
0.368940144777298
0.41238945722579956
0.3524584472179413
0.4830407500267029
0.4313897490501404
0.3591561019420624
0.38244929909706116
0.4008510410785675
0.3972318768501282
0.3573165833950043
0.4531937837600708
0.4273465871810913
0.4188806712627411
0.3479986786842346
0.408296674489975
0.3488723039627075
0.33550935983657837
0.43075865507125854
0.35544440150260925
0.36439359188079834
0.4302915930747986
0.41947346925735474
0.3952274024486542
0.3859875798225403
0.39805805683135986
0.4014716148376465
0.36091744899749756
0.3926129937171936
0.40004515647888184
0.3653382360935211
0.4118519425392151
0.37331295013427734
0.4358373284339905
0.314649760723114
0.35938647389411926
0.3539251983165741
0.4451136291027069
0.3433631360530853
0.35310694575309753
Predictions:  
 46     0.374954
101    0.363082
175    0.386624
9      0.534909
136    0.382730
         ...   
173    0.359386
5      0.353925
55     0.445114
428    0.343363
334    0.353107
Name: drag, Length: 88, dtype: float32
{'root_mean_squared_error': -0.04550269814445644, 'mean_squared_error': -0.0020704955384255198, 'mean_absolute_error': -0.03165082482045347, 'r2': 0.2958961587908908, 'pearsonr': 0.5758921966986751, 'median_absolute_error': -0.02158920836448669}
*** Summary of fit() ***
Estimated performance of each model:
                 model  score_val  pred_time_val   fit_time  pred_time_val_marginal  fit_time_marginal  stack_level  can_infer  fit_order
0  WeightedEnsemble_L2  -0.040756       0.142933  30.208801                0.000493           0.260053            2       True         10
1      NeuralNetFastAI  -0.042163       0.020180   7.338110                0.020180           7.338110            1       True          6
2             CatBoost  -0.043574       0.088366  16.806443                0.088366          16.806443            1       True          4
3       NeuralNetTorch  -0.043841       0.018948   3.613172                0.018948           3.613172            1       True          8
4        ExtraTreesMSE  -0.045376       0.130772   1.707391                0.130772           1.707391            1       True          5
5      RandomForestMSE  -0.045430       0.149172   1.647775                0.149172           1.647775            1       True          3
6        LightGBMLarge  -0.045464       0.014946   2.191023                0.014946           2.191023            1       True          9
7              XGBoost  -0.047714       0.011085   1.351511                0.011085           1.351511            1       True          7
8             LightGBM  -0.048779       0.010484   0.930502                0.010484           0.930502            1       True          2
9           LightGBMXT  -0.048779       0.014342   1.223871                0.014342           1.223871            1       True          1
Number of models trained: 10
Types of models trained:
{'WeightedEnsembleModel', 'LGBModel', 'XTModel', 'XGBoostModel', 'TabularNeuralNetTorchModel', 'NNFastAiTabularModel', 'CatBoostModel', 'RFModel'}
Bagging used: False 
Multi-layer stack-ensembling used: False 
Feature Metadata (Processed):
(raw dtype, special dtypes):
('int', ['bool']) : 2064 | ['dim_66', 'dim_78', 'dim_79', 'dim_88', 'dim_91', ...]
*** End of fit() summary ***
{'model_types': {'LightGBMXT': 'LGBModel', 'LightGBM': 'LGBModel', 'RandomForestMSE': 'RFModel', 'CatBoost': 'CatBoostModel', 'ExtraTreesMSE': 'XTModel', 'NeuralNetFastAI': 'NNFastAiTabularModel', 'XGBoost': 'XGBoostModel', 'NeuralNetTorch': 'TabularNeuralNetTorchModel', 'LightGBMLarge': 'LGBModel', 'WeightedEnsemble_L2': 'WeightedEnsembleModel'}, 'model_performance': {'LightGBMXT': -0.048779089282608754, 'LightGBM': -0.048779089282608754, 'RandomForestMSE': -0.04543018704200995, 'CatBoost': -0.043573679444626486, 'ExtraTreesMSE': -0.045375564371828894, 'NeuralNetFastAI': -0.04216285979004638, 'XGBoost': -0.0477144850597865, 'NeuralNetTorch': -0.04384099097581064, 'LightGBMLarge': -0.04546449881722914, 'WeightedEnsemble_L2': -0.0407563927535585}, 'model_best': 'WeightedEnsemble_L2', 'model_paths': {'LightGBMXT': './agModels-5040/models/LightGBMXT/', 'LightGBM': './agModels-5040/models/LightGBM/', 'RandomForestMSE': './agModels-5040/models/RandomForestMSE/', 'CatBoost': './agModels-5040/models/CatBoost/', 'ExtraTreesMSE': './agModels-5040/models/ExtraTreesMSE/', 'NeuralNetFastAI': './agModels-5040/models/NeuralNetFastAI/', 'XGBoost': './agModels-5040/models/XGBoost/', 'NeuralNetTorch': './agModels-5040/models/NeuralNetTorch/', 'LightGBMLarge': './agModels-5040/models/LightGBMLarge/', 'WeightedEnsemble_L2': './agModels-5040/models/WeightedEnsemble_L2/'}, 'model_fit_times': {'LightGBMXT': 1.2238714694976807, 'LightGBM': 0.9305016994476318, 'RandomForestMSE': 1.6477751731872559, 'CatBoost': 16.806443214416504, 'ExtraTreesMSE': 1.7073912620544434, 'NeuralNetFastAI': 7.338109970092773, 'XGBoost': 1.3515112400054932, 'NeuralNetTorch': 3.6131720542907715, 'LightGBMLarge': 2.1910226345062256, 'WeightedEnsemble_L2': 0.2600533962249756}, 'model_pred_times': {'LightGBMXT': 0.014342069625854492, 'LightGBM': 0.010483741760253906, 'RandomForestMSE': 0.14917206764221191, 'CatBoost': 0.08836603164672852, 'ExtraTreesMSE': 0.13077211380004883, 'NeuralNetFastAI': 0.02017974853515625, 'XGBoost': 0.011085271835327148, 'NeuralNetTorch': 0.018947839736938477, 'LightGBMLarge': 0.014946222305297852, 'WeightedEnsemble_L2': 0.0004930496215820312}, 'num_bag_folds': 0, 'max_stack_level': 2, 'model_hyperparams': {'LightGBMXT': {'learning_rate': 0.05, 'extra_trees': True}, 'LightGBM': {'learning_rate': 0.05}, 'RandomForestMSE': {'n_estimators': 300, 'max_leaf_nodes': 15000, 'n_jobs': -1, 'random_state': 0, 'bootstrap': True, 'criterion': 'squared_error'}, 'CatBoost': {'iterations': 10000, 'learning_rate': 0.05, 'random_seed': 0, 'allow_writing_files': False, 'eval_metric': 'RMSE'}, 'ExtraTreesMSE': {'n_estimators': 300, 'max_leaf_nodes': 15000, 'n_jobs': -1, 'random_state': 0, 'bootstrap': True, 'criterion': 'squared_error'}, 'NeuralNetFastAI': {'layers': None, 'emb_drop': 0.1, 'ps': 0.1, 'bs': 'auto', 'lr': 0.01, 'epochs': 'auto', 'early.stopping.min_delta': 0.0001, 'early.stopping.patience': 20, 'smoothing': 0.0}, 'XGBoost': {'n_estimators': 10000, 'learning_rate': 0.1, 'n_jobs': -1, 'proc.max_category_levels': 100, 'objective': 'reg:squarederror', 'booster': 'gbtree'}, 'NeuralNetTorch': {'num_epochs': 500, 'epochs_wo_improve': 20, 'activation': 'relu', 'embedding_size_factor': 1.0, 'embed_exponent': 0.56, 'max_embedding_dim': 100, 'y_range': None, 'y_range_extend': 0.05, 'dropout_prob': 0.1, 'optimizer': 'adam', 'learning_rate': 0.0003, 'weight_decay': 1e-06, 'proc.embed_min_categories': 4, 'proc.impute_strategy': 'median', 'proc.max_category_levels': 100, 'proc.skew_threshold': 0.99, 'use_ngram_features': False, 'num_layers': 4, 'hidden_size': 128, 'max_batch_size': 512, 'use_batchnorm': False, 'loss_function': 'auto'}, 'LightGBMLarge': {'learning_rate': 0.03, 'num_leaves': 128, 'feature_fraction': 0.9, 'min_data_in_leaf': 5}, 'WeightedEnsemble_L2': {'use_orig_features': False, 'max_base_models': 25, 'max_base_models_per_type': 5, 'save_bag_folds': True}}, 'leaderboard':                  model  score_val  pred_time_val   fit_time  \
0  WeightedEnsemble_L2  -0.040756       0.142933  30.208801   
1      NeuralNetFastAI  -0.042163       0.020180   7.338110   
2             CatBoost  -0.043574       0.088366  16.806443   
3       NeuralNetTorch  -0.043841       0.018948   3.613172   
4        ExtraTreesMSE  -0.045376       0.130772   1.707391   
5      RandomForestMSE  -0.045430       0.149172   1.647775   
6        LightGBMLarge  -0.045464       0.014946   2.191023   
7              XGBoost  -0.047714       0.011085   1.351511   
8             LightGBM  -0.048779       0.010484   0.930502   
9           LightGBMXT  -0.048779       0.014342   1.223871   

   pred_time_val_marginal  fit_time_marginal  stack_level  can_infer  \
0                0.000493           0.260053            2       True   
1                0.020180           7.338110            1       True   
2                0.088366          16.806443            1       True   
3                0.018948           3.613172            1       True   
4                0.130772           1.707391            1       True   
5                0.149172           1.647775            1       True   
6                0.014946           2.191023            1       True   
7                0.011085           1.351511            1       True   
8                0.010484           0.930502            1       True   
9                0.014342           1.223871            1       True   

   fit_order  
0         10  
1          6  
2          4  
3          8  
4          5  
5          3  
6          9  
7          7  
8          2  
9          1  }
                 model  score_test  score_val  pred_time_test  pred_time_val  \
0        LightGBMLarge   -0.044040  -0.045464        0.023124       0.014946   
1      RandomForestMSE   -0.044817  -0.045430        0.110719       0.149172   
2        ExtraTreesMSE   -0.044914  -0.045376        0.119386       0.130772   
3  WeightedEnsemble_L2   -0.045503  -0.040756        0.259284       0.142933   
4       NeuralNetTorch   -0.046593  -0.043841        0.030118       0.018948   
5             CatBoost   -0.046664  -0.043574        0.146941       0.088366   
6             LightGBM   -0.047768  -0.048779        0.017421       0.010484   
7           LightGBMXT   -0.047768  -0.048779        0.043485       0.014342   
8              XGBoost   -0.048456  -0.047714        0.047149       0.011085   
9      NeuralNetFastAI   -0.050040  -0.042163        0.053347       0.020180   

    fit_time  pred_time_test_marginal  pred_time_val_marginal  \
0   2.191023                 0.023124                0.014946   
1   1.647775                 0.110719                0.149172   
2   1.707391                 0.119386                0.130772   
3  30.208801                 0.005754                0.000493   
4   3.613172                 0.030118                0.018948   
5  16.806443                 0.146941                0.088366   
6   0.930502                 0.017421                0.010484   
7   1.223871                 0.043485                0.014342   
8   1.351511                 0.047149                0.011085   
9   7.338110                 0.053347                0.020180   

   fit_time_marginal  stack_level  can_infer  fit_order  
0           2.191023            1       True          9  
1           1.647775            1       True          3  
2           1.707391            1       True          5  
3           0.260053            2       True         10  
4           3.613172            1       True          8  
5          16.806443            1       True          4  
6           0.930502            1       True          2  
7           1.223871            1       True          1  
8           1.351511            1       True          7  
9           7.338110            1       True          6  
