0.3598567247390747
0.3918738067150116
0.3872383236885071
0.4652383327484131
0.3857648968696594
0.4010659158229828
0.44054049253463745
0.46411800384521484
0.399760365486145
0.3277706503868103
0.35469338297843933
0.38790416717529297
0.37927791476249695
0.39691585302352905
0.444470077753067
0.4475593566894531
0.40681418776512146
0.39386236667633057
0.37525367736816406
0.3737342953681946
0.41111427545547485
0.38643741607666016
0.3808771073818207
0.3813397288322449
0.48321712017059326
0.39206135272979736
0.4223101735115051
0.38626185059547424
0.38621941208839417
0.38345101475715637
0.4283760190010071
0.3492615520954132
0.35896939039230347
0.399485319852829
0.4065217971801758
0.36743414402008057
0.36576882004737854
0.4441993236541748
0.39324191212654114
0.38968849182128906
0.4689306616783142
0.3561544120311737
0.45218056440353394
0.3644334673881531
0.4087359309196472
0.4100300669670105
0.4327773451805115
0.3932531177997589
0.39910799264907837
0.3947475254535675
0.37936264276504517
0.3630097508430481
0.4287455081939697
0.42741209268569946
0.38739073276519775
0.3812981843948364
0.4552493691444397
0.42735975980758667
0.36124902963638306
0.4524495005607605
0.41771817207336426
0.4145171046257019
0.37074020504951477
0.4022049903869629
0.4275413751602173
0.3359837532043457
0.4346635937690735
0.3653377890586853
0.3693434000015259
0.41227585077285767
0.38355374336242676
0.38998109102249146
0.3965746760368347
0.38081198930740356
0.406629741191864
0.38240301609039307
0.38052254915237427
0.389305979013443
0.36096569895744324
0.42172563076019287
0.36474454402923584
0.43028390407562256
0.35144394636154175
0.374563604593277
0.39045172929763794
0.4357234835624695
0.3732341527938843
0.38240259885787964
Predictions:  
 46     0.359857
101    0.391874
175    0.387238
9      0.465238
136    0.385765
         ...   
173    0.374564
5      0.390452
55     0.435723
428    0.373234
334    0.382403
Name: drag, Length: 88, dtype: float32
{'root_mean_squared_error': -0.04696479245378668, 'mean_squared_error': -0.002205691730227258, 'mean_absolute_error': -0.03132865930958228, 'r2': 0.24992061515999997, 'pearsonr': 0.5061150498288745, 'median_absolute_error': -0.018648658633232118}
*** Summary of fit() ***
Estimated performance of each model:
                 model  score_val  pred_time_val   fit_time  pred_time_val_marginal  fit_time_marginal  stack_level  can_infer  fit_order
0  WeightedEnsemble_L2  -0.043314       0.190327  27.297727                0.000437           0.207164            2       True         10
1      RandomForestMSE  -0.045075       0.122317   4.363806                0.122317           4.363806            1       True          3
2        ExtraTreesMSE  -0.045383       0.131994   3.978300                0.131994           3.978300            1       True          5
3        LightGBMLarge  -0.045558       0.022272   3.634655                0.022272           3.634655            1       True          9
4             CatBoost  -0.046510       0.442392  18.124318                0.442392          18.124318            1       True          4
5      NeuralNetFastAI  -0.046524       0.025671  14.458541                0.025671          14.458541            1       True          6
6       NeuralNetTorch  -0.047201       0.019629   4.633562                0.019629           4.633562            1       True          8
7              XGBoost  -0.048124       0.012770   3.624804                0.012770           3.624804            1       True          7
8           LightGBMXT  -0.048558       0.023516   2.752161                0.023516           2.752161            1       True          1
9             LightGBM  -0.048558       0.025872   3.176165                0.025872           3.176165            1       True          2
Number of models trained: 10
Types of models trained:
{'LGBModel', 'CatBoostModel', 'NNFastAiTabularModel', 'XGBoostModel', 'WeightedEnsembleModel', 'RFModel', 'TabularNeuralNetTorchModel', 'XTModel'}
Bagging used: False 
Multi-layer stack-ensembling used: False 
Feature Metadata (Processed):
(raw dtype, special dtypes):
('int', ['bool']) : 4199 | ['dim_104', 'dim_105', 'dim_121', 'dim_133', 'dim_137', ...]
*** End of fit() summary ***
{'model_types': {'LightGBMXT': 'LGBModel', 'LightGBM': 'LGBModel', 'RandomForestMSE': 'RFModel', 'CatBoost': 'CatBoostModel', 'ExtraTreesMSE': 'XTModel', 'NeuralNetFastAI': 'NNFastAiTabularModel', 'XGBoost': 'XGBoostModel', 'NeuralNetTorch': 'TabularNeuralNetTorchModel', 'LightGBMLarge': 'LGBModel', 'WeightedEnsemble_L2': 'WeightedEnsembleModel'}, 'model_performance': {'LightGBMXT': -0.04855831972949566, 'LightGBM': -0.04855831972949566, 'RandomForestMSE': -0.045074675252001095, 'CatBoost': -0.04651025723599696, 'ExtraTreesMSE': -0.04538288499960066, 'NeuralNetFastAI': -0.04652443249484498, 'XGBoost': -0.04812392300198128, 'NeuralNetTorch': -0.047200526044405014, 'LightGBMLarge': -0.04555778691120148, 'WeightedEnsemble_L2': -0.04331422516960645}, 'model_best': 'WeightedEnsemble_L2', 'model_paths': {'LightGBMXT': './agModels-10240/models/LightGBMXT/', 'LightGBM': './agModels-10240/models/LightGBM/', 'RandomForestMSE': './agModels-10240/models/RandomForestMSE/', 'CatBoost': './agModels-10240/models/CatBoost/', 'ExtraTreesMSE': './agModels-10240/models/ExtraTreesMSE/', 'NeuralNetFastAI': './agModels-10240/models/NeuralNetFastAI/', 'XGBoost': './agModels-10240/models/XGBoost/', 'NeuralNetTorch': './agModels-10240/models/NeuralNetTorch/', 'LightGBMLarge': './agModels-10240/models/LightGBMLarge/', 'WeightedEnsemble_L2': './agModels-10240/models/WeightedEnsemble_L2/'}, 'model_fit_times': {'LightGBMXT': 2.7521610260009766, 'LightGBM': 3.1761651039123535, 'RandomForestMSE': 4.363805532455444, 'CatBoost': 18.12431836128235, 'ExtraTreesMSE': 3.978299856185913, 'NeuralNetFastAI': 14.458540678024292, 'XGBoost': 3.6248044967651367, 'NeuralNetTorch': 4.633561849594116, 'LightGBMLarge': 3.6346545219421387, 'WeightedEnsemble_L2': 0.20716428756713867}, 'model_pred_times': {'LightGBMXT': 0.023516416549682617, 'LightGBM': 0.025871753692626953, 'RandomForestMSE': 0.12231731414794922, 'CatBoost': 0.44239211082458496, 'ExtraTreesMSE': 0.13199400901794434, 'NeuralNetFastAI': 0.025671005249023438, 'XGBoost': 0.012769699096679688, 'NeuralNetTorch': 0.01962876319885254, 'LightGBMLarge': 0.022272348403930664, 'WeightedEnsemble_L2': 0.0004372596740722656}, 'num_bag_folds': 0, 'max_stack_level': 2, 'model_hyperparams': {'LightGBMXT': {'learning_rate': 0.05, 'extra_trees': True}, 'LightGBM': {'learning_rate': 0.05}, 'RandomForestMSE': {'n_estimators': 300, 'max_leaf_nodes': 15000, 'n_jobs': -1, 'random_state': 0, 'bootstrap': True, 'criterion': 'squared_error'}, 'CatBoost': {'iterations': 10000, 'learning_rate': 0.05, 'random_seed': 0, 'allow_writing_files': False, 'eval_metric': 'RMSE'}, 'ExtraTreesMSE': {'n_estimators': 300, 'max_leaf_nodes': 15000, 'n_jobs': -1, 'random_state': 0, 'bootstrap': True, 'criterion': 'squared_error'}, 'NeuralNetFastAI': {'layers': None, 'emb_drop': 0.1, 'ps': 0.1, 'bs': 'auto', 'lr': 0.01, 'epochs': 'auto', 'early.stopping.min_delta': 0.0001, 'early.stopping.patience': 20, 'smoothing': 0.0}, 'XGBoost': {'n_estimators': 10000, 'learning_rate': 0.1, 'n_jobs': -1, 'proc.max_category_levels': 100, 'objective': 'reg:squarederror', 'booster': 'gbtree'}, 'NeuralNetTorch': {'num_epochs': 500, 'epochs_wo_improve': 20, 'activation': 'relu', 'embedding_size_factor': 1.0, 'embed_exponent': 0.56, 'max_embedding_dim': 100, 'y_range': None, 'y_range_extend': 0.05, 'dropout_prob': 0.1, 'optimizer': 'adam', 'learning_rate': 0.0003, 'weight_decay': 1e-06, 'proc.embed_min_categories': 4, 'proc.impute_strategy': 'median', 'proc.max_category_levels': 100, 'proc.skew_threshold': 0.99, 'use_ngram_features': False, 'num_layers': 4, 'hidden_size': 128, 'max_batch_size': 512, 'use_batchnorm': False, 'loss_function': 'auto'}, 'LightGBMLarge': {'learning_rate': 0.03, 'num_leaves': 128, 'feature_fraction': 0.9, 'min_data_in_leaf': 5}, 'WeightedEnsemble_L2': {'use_orig_features': False, 'max_base_models': 25, 'max_base_models_per_type': 5, 'save_bag_folds': True}}, 'leaderboard':                  model  score_val  pred_time_val   fit_time  \
0  WeightedEnsemble_L2  -0.043314       0.190327  27.297727   
1      RandomForestMSE  -0.045075       0.122317   4.363806   
2        ExtraTreesMSE  -0.045383       0.131994   3.978300   
3        LightGBMLarge  -0.045558       0.022272   3.634655   
4             CatBoost  -0.046510       0.442392  18.124318   
5      NeuralNetFastAI  -0.046524       0.025671  14.458541   
6       NeuralNetTorch  -0.047201       0.019629   4.633562   
7              XGBoost  -0.048124       0.012770   3.624804   
8           LightGBMXT  -0.048558       0.023516   2.752161   
9             LightGBM  -0.048558       0.025872   3.176165   

   pred_time_val_marginal  fit_time_marginal  stack_level  can_infer  \
0                0.000437           0.207164            2       True   
1                0.122317           4.363806            1       True   
2                0.131994           3.978300            1       True   
3                0.022272           3.634655            1       True   
4                0.442392          18.124318            1       True   
5                0.025671          14.458541            1       True   
6                0.019629           4.633562            1       True   
7                0.012770           3.624804            1       True   
8                0.023516           2.752161            1       True   
9                0.025872           3.176165            1       True   

   fit_order  
0         10  
1          3  
2          5  
3          9  
4          4  
5          6  
6          8  
7          7  
8          1  
9          2  }
                 model  score_test  score_val  pred_time_test  pred_time_val  \
0             CatBoost   -0.046763  -0.046510        0.493042       0.442392   
1  WeightedEnsemble_L2   -0.046965  -0.043314        0.277334       0.190327   
2       NeuralNetTorch   -0.047069  -0.047201        0.027874       0.019629   
3             LightGBM   -0.047200  -0.048558        0.029654       0.025872   
4           LightGBMXT   -0.047200  -0.048558        0.061318       0.023516   
5        ExtraTreesMSE   -0.048113  -0.045383        0.138740       0.131994   
6      RandomForestMSE   -0.048192  -0.045075        0.122012       0.122317   
7        LightGBMLarge   -0.049178  -0.045558        0.052605       0.022272   
8              XGBoost   -0.049614  -0.048124        0.034397       0.012770   
9      NeuralNetFastAI   -0.050892  -0.046524        0.068561       0.025671   

    fit_time  pred_time_test_marginal  pred_time_val_marginal  \
0  18.124318                 0.493042                0.442392   
1  27.297727                 0.006283                0.000437   
2   4.633562                 0.027874                0.019629   
3   3.176165                 0.029654                0.025872   
4   2.752161                 0.061318                0.023516   
5   3.978300                 0.138740                0.131994   
6   4.363806                 0.122012                0.122317   
7   3.634655                 0.052605                0.022272   
8   3.624804                 0.034397                0.012770   
9  14.458541                 0.068561                0.025671   

   fit_time_marginal  stack_level  can_infer  fit_order  
0          18.124318            1       True          4  
1           0.207164            2       True         10  
2           4.633562            1       True          8  
3           3.176165            1       True          2  
4           2.752161            1       True          1  
5           3.978300            1       True          5  
6           4.363806            1       True          3  
7           3.634655            1       True          9  
8           3.624804            1       True          7  
9          14.458541            1       True          6  
